# JRE version: Java(TM) SE Runtime Environment (8.0_05-b13) (build 1.8.0_05-b13)
# Java VM: Java HotSpot(TM) 64-Bit Server VM (25.5-b02 mixed mode linux-amd64 compressed oops)
Heap:
 PSYoungGen      total 84480K, used 76567K [0x00000000d6600000, 0x00000000dbf00000, 0x0000000100000000)
  eden space 78848K, 94% used [0x00000000d6600000,0x00000000daf15998,0x00000000db300000)
  from space 5632K, 30% used [0x00000000db900000,0x00000000dbab04e0,0x00000000dbe80000)
  to   space 6144K, 0% used [0x00000000db300000,0x00000000db300000,0x00000000db900000)
 ParOldGen       total 24064K, used 17768K [0x0000000083200000, 0x0000000084980000, 0x00000000d6600000)
  object space 24064K, 73% used [0x0000000083200000,0x000000008435a3c0,0x0000000084980000)
 Metaspace       used 26044K, capacity 26918K, committed 27008K, reserved 1073152K
  class space    used 3678K, capacity 3957K, committed 3968K, reserved 1048576K
GC Heap History (10 events):
Event: 3.692 GC heap before
{Heap before GC invocations=18 (full 0):
 PSYoungGen      total 50688K, used 22067K [0x00000000d6600000, 0x00000000daf80000, 0x0000000100000000)
  eden space 45568K, 39% used [0x00000000d6600000,0x00000000d7787bc0,0x00000000d9280000)
  from space 5120K, 80% used [0x00000000d9280000,0x00000000d96853a8,0x00000000d9780000)
  to   space 5632K, 0% used [0x00000000daa00000,0x00000000daa00000,0x00000000daf80000)
 ParOldGen       total 127488K, used 10567K [0x0000000083200000, 0x000000008ae80000, 0x00000000d6600000)
  object space 127488K, 8% used [0x0000000083200000,0x0000000083c51cc0,0x000000008ae80000)
 Metaspace       used 20721K, capacity 21162K, committed 21248K, reserved 1067008K
  class space    used 2886K, capacity 3065K, committed 3072K, reserved 1048576K
Event: 3.714 GC heap after
Heap after GC invocations=18 (full 0):
 PSYoungGen      total 68608K, used 2128K [0x00000000d6600000, 0x00000000dae80000, 0x0000000100000000)
  eden space 64000K, 0% used [0x00000000d6600000,0x00000000d6600000,0x00000000da480000)
  from space 4608K, 46% used [0x00000000daa00000,0x00000000dac141f8,0x00000000dae80000)
  to   space 5120K, 0% used [0x00000000da480000,0x00000000da480000,0x00000000da980000)
 ParOldGen       total 127488K, used 13734K [0x0000000083200000, 0x000000008ae80000, 0x00000000d6600000)
  object space 127488K, 10% used [0x0000000083200000,0x0000000083f69958,0x000000008ae80000)
 Metaspace       used 20721K, capacity 21162K, committed 21248K, reserved 1067008K
  class space    used 2886K, capacity 3065K, committed 3072K, reserved 1048576K
}
Event: 3.714 GC heap before
{Heap before GC invocations=19 (full 1):
 PSYoungGen      total 68608K, used 2128K [0x00000000d6600000, 0x00000000dae80000, 0x0000000100000000)
  eden space 64000K, 0% used [0x00000000d6600000,0x00000000d6600000,0x00000000da480000)
  from space 4608K, 46% used [0x00000000daa00000,0x00000000dac141f8,0x00000000dae80000)
  to   space 5120K, 0% used [0x00000000da480000,0x00000000da480000,0x00000000da980000)
 ParOldGen       total 127488K, used 13734K [0x0000000083200000, 0x000000008ae80000, 0x00000000d6600000)
  object space 127488K, 10% used [0x0000000083200000,0x0000000083f69958,0x000000008ae80000)
 Metaspace       used 20721K, capacity 21162K, committed 21248K, reserved 1067008K
  class space    used 2886K, capacity 3065K, committed 3072K, reserved 1048576K
Event: 3.842 GC heap after
Heap after GC invocations=19 (full 1):
 PSYoungGen      total 68608K, used 0K [0x00000000d6600000, 0x00000000dae80000, 0x0000000100000000)
  eden space 64000K, 0% used [0x00000000d6600000,0x00000000d6600000,0x00000000da480000)
  from space 4608K, 0% used [0x00000000daa00000,0x00000000daa00000,0x00000000dae80000)
  to   space 5120K, 0% used [0x00000000da480000,0x00000000da480000,0x00000000da980000)
 ParOldGen       total 17920K, used 13473K [0x0000000083200000, 0x0000000084380000, 0x00000000d6600000)
  object space 17920K, 75% used [0x0000000083200000,0x0000000083f28470,0x0000000084380000)
 Metaspace       used 20721K, capacity 21162K, committed 21248K, reserved 1067008K
  class space    used 2886K, capacity 3065K, committed 3072K, reserved 1048576K
}
Event: 4.765 GC heap before
{Heap before GC invocations=20 (full 1):
 PSYoungGen      total 68608K, used 64000K [0x00000000d6600000, 0x00000000dae80000, 0x0000000100000000)
  eden space 64000K, 100% used [0x00000000d6600000,0x00000000da480000,0x00000000da480000)
  from space 4608K, 0% used [0x00000000daa00000,0x00000000daa00000,0x00000000dae80000)
  to   space 5120K, 0% used [0x00000000da480000,0x00000000da480000,0x00000000da980000)
 ParOldGen       total 17920K, used 13473K [0x0000000083200000, 0x0000000084380000, 0x00000000d6600000)
  object space 17920K, 75% used [0x0000000083200000,0x0000000083f28470,0x0000000084380000)
 Metaspace       used 23841K, capacity 24538K, committed 24832K, reserved 1071104K
  class space    used 3308K, capacity 3542K, committed 3584K, reserved 1048576K
Event: 4.792 GC heap after
Heap after GC invocations=20 (full 1):
 PSYoungGen      total 69120K, used 4689K [0x00000000d6600000, 0x00000000dbe80000, 0x0000000100000000)
  eden space 64000K, 0% used [0x00000000d6600000,0x00000000d6600000,0x00000000da480000)
  from space 5120K, 91% used [0x00000000da480000,0x00000000da9144c8,0x00000000da980000)
  to   space 5632K, 0% used [0x00000000db900000,0x00000000db900000,0x00000000dbe80000)
 ParOldGen       total 17920K, used 13545K [0x0000000083200000, 0x0000000084380000, 0x00000000d6600000)
  object space 17920K, 75% used [0x0000000083200000,0x0000000083f3a480,0x0000000084380000)
 Metaspace       used 23841K, capacity 24538K, committed 24832K, reserved 1071104K
  class space    used 3308K, capacity 3542K, committed 3584K, reserved 1048576K
}
Event: 5.425 GC heap before
{Heap before GC invocations=21 (full 1):
 PSYoungGen      total 69120K, used 68689K [0x00000000d6600000, 0x00000000dbe80000, 0x0000000100000000)
  eden space 64000K, 100% used [0x00000000d6600000,0x00000000da480000,0x00000000da480000)
  from space 5120K, 91% used [0x00000000da480000,0x00000000da9144c8,0x00000000da980000)
  to   space 5632K, 0% used [0x00000000db900000,0x00000000db900000,0x00000000dbe80000)
 ParOldGen       total 17920K, used 13545K [0x0000000083200000, 0x0000000084380000, 0x00000000d6600000)
  object space 17920K, 75% used [0x0000000083200000,0x0000000083f3a480,0x0000000084380000)
 Metaspace       used 25051K, capacity 25870K, committed 26112K, reserved 1071104K
  class space    used 3533K, capacity 3783K, committed 3840K, reserved 1048576K
Event: 5.451 GC heap after
Heap after GC invocations=21 (full 1):
 PSYoungGen      total 84480K, used 4392K [0x00000000d6600000, 0x00000000dbf00000, 0x0000000100000000)
  eden space 78848K, 0% used [0x00000000d6600000,0x00000000d6600000,0x00000000db300000)
  from space 5632K, 77% used [0x00000000db900000,0x00000000dbd4a180,0x00000000dbe80000)
  to   space 6144K, 0% used [0x00000000db300000,0x00000000db300000,0x00000000db900000)
 ParOldGen       total 17920K, used 16945K [0x0000000083200000, 0x0000000084380000, 0x00000000d6600000)
  object space 17920K, 94% used [0x0000000083200000,0x000000008428c4e0,0x0000000084380000)
 Metaspace       used 25051K, capacity 25870K, committed 26112K, reserved 1071104K
  class space    used 3533K, capacity 3783K, committed 3840K, reserved 1048576K
}
Event: 5.451 GC heap before
{Heap before GC invocations=22 (full 2):
 PSYoungGen      total 84480K, used 4392K [0x00000000d6600000, 0x00000000dbf00000, 0x0000000100000000)
  eden space 78848K, 0% used [0x00000000d6600000,0x00000000d6600000,0x00000000db300000)
  from space 5632K, 77% used [0x00000000db900000,0x00000000dbd4a180,0x00000000dbe80000)
  to   space 6144K, 0% used [0x00000000db300000,0x00000000db300000,0x00000000db900000)
 ParOldGen       total 17920K, used 16945K [0x0000000083200000, 0x0000000084380000, 0x00000000d6600000)
  object space 17920K, 94% used [0x0000000083200000,0x000000008428c4e0,0x0000000084380000)
 Metaspace       used 25051K, capacity 25870K, committed 26112K, reserved 1071104K
  class space    used 3533K, capacity 3783K, committed 3840K, reserved 1048576K
Event: 5.645 GC heap after
Heap after GC invocations=22 (full 2):
 PSYoungGen      total 84480K, used 1729K [0x00000000d6600000, 0x00000000dbf00000, 0x0000000100000000)
  eden space 78848K, 0% used [0x00000000d6600000,0x00000000d6600000,0x00000000db300000)
  from space 5632K, 30% used [0x00000000db900000,0x00000000dbab04e0,0x00000000dbe80000)
  to   space 6144K, 0% used [0x00000000db300000,0x00000000db300000,0x00000000db900000)
 ParOldGen       total 24064K, used 17768K [0x0000000083200000, 0x0000000084980000, 0x00000000d6600000)
  object space 24064K, 73% used [0x0000000083200000,0x000000008435a3c0,0x0000000084980000)
 Metaspace       used 25051K, capacity 25870K, committed 26112K, reserved 1071104K
  class space    used 3533K, capacity 3783K, committed 3840K, reserved 1048576K
}

