# JRE version: Java(TM) SE Runtime Environment (8.0_05-b13) (build 1.8.0_05-b13)
# Java VM: Java HotSpot(TM) 64-Bit Server VM (25.5-b02 mixed mode linux-amd64 compressed oops)
Heap:
 PSYoungGen      total 102912K, used 23433K [0x00000000d6600000, 0x00000000dde00000, 0x0000000100000000)
  eden space 92672K, 24% used [0x00000000d6600000,0x00000000d7bc6070,0x00000000dc080000)
  from space 10240K, 11% used [0x00000000dc080000,0x00000000dc19c640,0x00000000dca80000)
  to   space 9728K, 0% used [0x00000000dd480000,0x00000000dd480000,0x00000000dde00000)
 ParOldGen       total 43008K, used 31050K [0x0000000083200000, 0x0000000085c00000, 0x00000000d6600000)
  object space 43008K, 72% used [0x0000000083200000,0x00000000850528a8,0x0000000085c00000)
 Metaspace       used 33047K, capacity 35046K, committed 35200K, reserved 1079296K
  class space    used 4612K, capacity 5238K, committed 5248K, reserved 1048576K
GC Heap History (10 events):
Event: 6.823 GC heap before
{Heap before GC invocations=23 (full 2):
 PSYoungGen      total 87040K, used 83354K [0x00000000d6600000, 0x00000000dc300000, 0x0000000100000000)
  eden space 80896K, 100% used [0x00000000d6600000,0x00000000db500000,0x00000000db500000)
  from space 6144K, 40% used [0x00000000dbb80000,0x00000000dbde6840,0x00000000dc180000)
  to   space 6656K, 0% used [0x00000000db500000,0x00000000db500000,0x00000000dbb80000)
 ParOldGen       total 23552K, used 17340K [0x0000000083200000, 0x0000000084900000, 0x00000000d6600000)
  object space 23552K, 73% used [0x0000000083200000,0x00000000842ef000,0x0000000084900000)
 Metaspace       used 26369K, capacity 27346K, committed 27648K, reserved 1073152K
  class space    used 3713K, capacity 4028K, committed 4096K, reserved 1048576K
Event: 6.868 GC heap after
Heap after GC invocations=23 (full 2):
 PSYoungGen      total 87552K, used 6332K [0x00000000d6600000, 0x00000000dd200000, 0x0000000100000000)
  eden space 80896K, 0% used [0x00000000d6600000,0x00000000d6600000,0x00000000db500000)
  from space 6656K, 95% used [0x00000000db500000,0x00000000dbb2f2b8,0x00000000dbb80000)
  to   space 7680K, 0% used [0x00000000dca80000,0x00000000dca80000,0x00000000dd200000)
 ParOldGen       total 23552K, used 19184K [0x0000000083200000, 0x0000000084900000, 0x00000000d6600000)
  object space 23552K, 81% used [0x0000000083200000,0x00000000844bc010,0x0000000084900000)
 Metaspace       used 26369K, capacity 27346K, committed 27648K, reserved 1073152K
  class space    used 3713K, capacity 4028K, committed 4096K, reserved 1048576K
}
Event: 7.694 GC heap before
{Heap before GC invocations=24 (full 2):
 PSYoungGen      total 87552K, used 87228K [0x00000000d6600000, 0x00000000dd200000, 0x0000000100000000)
  eden space 80896K, 100% used [0x00000000d6600000,0x00000000db500000,0x00000000db500000)
  from space 6656K, 95% used [0x00000000db500000,0x00000000dbb2f2b8,0x00000000dbb80000)
  to   space 7680K, 0% used [0x00000000dca80000,0x00000000dca80000,0x00000000dd200000)
 ParOldGen       total 23552K, used 19184K [0x0000000083200000, 0x0000000084900000, 0x00000000d6600000)
  object space 23552K, 81% used [0x0000000083200000,0x00000000844bc010,0x0000000084900000)
 Metaspace       used 27599K, capacity 29424K, committed 29696K, reserved 1075200K
  class space    used 3930K, capacity 4553K, committed 4608K, reserved 1048576K
Event: 7.749 GC heap after
Heap after GC invocations=24 (full 2):
 PSYoungGen      total 100352K, used 7680K [0x00000000d6600000, 0x00000000dd700000, 0x0000000100000000)
  eden space 92672K, 0% used [0x00000000d6600000,0x00000000d6600000,0x00000000dc080000)
  from space 7680K, 100% used [0x00000000dca80000,0x00000000dd200000,0x00000000dd200000)
  to   space 10240K, 0% used [0x00000000dc080000,0x00000000dc080000,0x00000000dca80000)
 ParOldGen       total 23552K, used 22784K [0x0000000083200000, 0x0000000084900000, 0x00000000d6600000)
  object space 23552K, 96% used [0x0000000083200000,0x00000000848401d0,0x0000000084900000)
 Metaspace       used 27599K, capacity 29424K, committed 29696K, reserved 1075200K
  class space    used 3930K, capacity 4553K, committed 4608K, reserved 1048576K
}
Event: 7.749 GC heap before
{Heap before GC invocations=25 (full 3):
 PSYoungGen      total 100352K, used 7680K [0x00000000d6600000, 0x00000000dd700000, 0x0000000100000000)
  eden space 92672K, 0% used [0x00000000d6600000,0x00000000d6600000,0x00000000dc080000)
  from space 7680K, 100% used [0x00000000dca80000,0x00000000dd200000,0x00000000dd200000)
  to   space 10240K, 0% used [0x00000000dc080000,0x00000000dc080000,0x00000000dca80000)
 ParOldGen       total 23552K, used 22784K [0x0000000083200000, 0x0000000084900000, 0x00000000d6600000)
  object space 23552K, 96% used [0x0000000083200000,0x00000000848401d0,0x0000000084900000)
 Metaspace       used 27599K, capacity 29424K, committed 29696K, reserved 1075200K
  class space    used 3930K, capacity 4553K, committed 4608K, reserved 1048576K
Event: 8.276 GC heap after
Heap after GC invocations=25 (full 3):
 PSYoungGen      total 100352K, used 7131K [0x00000000d6600000, 0x00000000dd700000, 0x0000000100000000)
  eden space 92672K, 0% used [0x00000000d6600000,0x00000000d6600000,0x00000000dc080000)
  from space 7680K, 92% used [0x00000000dca80000,0x00000000dd176d78,0x00000000dd200000)
  to   space 10240K, 0% used [0x00000000dc080000,0x00000000dc080000,0x00000000dca80000)
 ParOldGen       total 31232K, used 23080K [0x0000000083200000, 0x0000000085080000, 0x00000000d6600000)
  object space 31232K, 73% used [0x0000000083200000,0x000000008488a0c8,0x0000000085080000)
 Metaspace       used 27599K, capacity 29424K, committed 29696K, reserved 1075200K
  class space    used 3930K, capacity 4553K, committed 4608K, reserved 1048576K
}
Event: 9.460 GC heap before
{Heap before GC invocations=26 (full 3):
 PSYoungGen      total 100352K, used 99803K [0x00000000d6600000, 0x00000000dd700000, 0x0000000100000000)
  eden space 92672K, 100% used [0x00000000d6600000,0x00000000dc080000,0x00000000dc080000)
  from space 7680K, 92% used [0x00000000dca80000,0x00000000dd176d78,0x00000000dd200000)
  to   space 10240K, 0% used [0x00000000dc080000,0x00000000dc080000,0x00000000dca80000)
 ParOldGen       total 31232K, used 23080K [0x0000000083200000, 0x0000000085080000, 0x00000000d6600000)
  object space 31232K, 73% used [0x0000000083200000,0x000000008488a0c8,0x0000000085080000)
 Metaspace       used 30112K, capacity 32166K, committed 32256K, reserved 1077248K
  class space    used 4238K, capacity 4854K, committed 4864K, reserved 1048576K
Event: 9.509 GC heap after
Heap after GC invocations=26 (full 3):
 PSYoungGen      total 102912K, used 2805K [0x00000000d6600000, 0x00000000dde00000, 0x0000000100000000)
  eden space 92672K, 0% used [0x00000000d6600000,0x00000000d6600000,0x00000000dc080000)
  from space 10240K, 27% used [0x00000000dc080000,0x00000000dc33d5f0,0x00000000dca80000)
  to   space 9728K, 0% used [0x00000000dd480000,0x00000000dd480000,0x00000000dde00000)
 ParOldGen       total 31232K, used 30196K [0x0000000083200000, 0x0000000085080000, 0x00000000d6600000)
  object space 31232K, 96% used [0x0000000083200000,0x0000000084f7d118,0x0000000085080000)
 Metaspace       used 30112K, capacity 32166K, committed 32256K, reserved 1077248K
  class space    used 4238K, capacity 4854K, committed 4864K, reserved 1048576K
}
Event: 9.509 GC heap before
{Heap before GC invocations=27 (full 4):
 PSYoungGen      total 102912K, used 2805K [0x00000000d6600000, 0x00000000dde00000, 0x0000000100000000)
  eden space 92672K, 0% used [0x00000000d6600000,0x00000000d6600000,0x00000000dc080000)
  from space 10240K, 27% used [0x00000000dc080000,0x00000000dc33d5f0,0x00000000dca80000)
  to   space 9728K, 0% used [0x00000000dd480000,0x00000000dd480000,0x00000000dde00000)
 ParOldGen       total 31232K, used 30196K [0x0000000083200000, 0x0000000085080000, 0x00000000d6600000)
  object space 31232K, 96% used [0x0000000083200000,0x0000000084f7d118,0x0000000085080000)
 Metaspace       used 30112K, capacity 32166K, committed 32256K, reserved 1077248K
  class space    used 4238K, capacity 4854K, committed 4864K, reserved 1048576K
Event: 10.006 GC heap after
Heap after GC invocations=27 (full 4):
 PSYoungGen      total 102912K, used 1137K [0x00000000d6600000, 0x00000000dde00000, 0x0000000100000000)
  eden space 92672K, 0% used [0x00000000d6600000,0x00000000d6600000,0x00000000dc080000)
  from space 10240K, 11% used [0x00000000dc080000,0x00000000dc19c640,0x00000000dca80000)
  to   space 9728K, 0% used [0x00000000dd480000,0x00000000dd480000,0x00000000dde00000)
 ParOldGen       total 43008K, used 31050K [0x0000000083200000, 0x0000000085c00000, 0x00000000d6600000)
  object space 43008K, 72% used [0x0000000083200000,0x00000000850528a8,0x0000000085c00000)
 Metaspace       used 30112K, capacity 32166K, committed 32256K, reserved 1077248K
  class space    used 4238K, capacity 4854K, committed 4864K, reserved 1048576K
}

